[     436ms] [WARNING] WebSocket connection to 'ws://localhost:5173/ws' failed: WebSocket is closed before the connection is established. @ http://localhost:5173/src/hooks/useStream.ts:28
[     437ms] [ERROR] WebSocket error: Event @ http://localhost:5173/src/hooks/useStream.ts:14
[     439ms] [ERROR] Failed to load resource: the server responded with a status of 404 (Not Found) @ http://localhost:5173/favicon.ico:0
[     446ms] [ERROR] Failed to load resource: the server responded with a status of 500 (Internal Server Error) @ http://localhost:5173/api/uptime?hours=24:0
[     447ms] [ERROR] Failed to load resource: the server responded with a status of 500 (Internal Server Error) @ http://localhost:5173/api/uptime?hours=672:0
[     448ms] [ERROR] Failed to load resource: the server responded with a status of 500 (Internal Server Error) @ http://localhost:5173/api/uptime?hours=24:0
[     448ms] [ERROR] Failed to load resource: the server responded with a status of 500 (Internal Server Error) @ http://localhost:5173/api/uptime?hours=672:0
[     449ms] [ERROR] WebSocket connection to 'ws://localhost:5173/ws' failed: Connection closed before receiving a handshake response @ http://localhost:5173/src/hooks/useStream.ts:5
[     449ms] [ERROR] WebSocket error: Event @ http://localhost:5173/src/hooks/useStream.ts:14
[    3441ms] [ERROR] WebSocket connection to 'ws://localhost:5173/ws' failed: Connection closed before receiving a handshake response @ http://localhost:5173/src/hooks/useStream.ts:5
[    3441ms] [ERROR] WebSocket error: Event @ http://localhost:5173/src/hooks/useStream.ts:14
[    3454ms] [ERROR] WebSocket connection to 'ws://localhost:5173/ws' failed: Connection closed before receiving a handshake response @ http://localhost:5173/src/hooks/useStream.ts:5
[    3454ms] [ERROR] WebSocket error: Event @ http://localhost:5173/src/hooks/useStream.ts:14
[    6448ms] [ERROR] WebSocket connection to 'ws://localhost:5173/ws' failed: Connection closed before receiving a handshake response @ http://localhost:5173/src/hooks/useStream.ts:5
[    6448ms] [ERROR] WebSocket error: Event @ http://localhost:5173/src/hooks/useStream.ts:14
[    6462ms] [ERROR] WebSocket connection to 'ws://localhost:5173/ws' failed: Connection closed before receiving a handshake response @ http://localhost:5173/src/hooks/useStream.ts:5
[    6462ms] [ERROR] WebSocket error: Event @ http://localhost:5173/src/hooks/useStream.ts:14
[    9455ms] [ERROR] WebSocket connection to 'ws://localhost:5173/ws' failed: Connection closed before receiving a handshake response @ http://localhost:5173/src/hooks/useStream.ts:5
[    9455ms] [ERROR] WebSocket error: Event @ http://localhost:5173/src/hooks/useStream.ts:14
[    9467ms] [ERROR] WebSocket connection to 'ws://localhost:5173/ws' failed: Connection closed before receiving a handshake response @ http://localhost:5173/src/hooks/useStream.ts:5
[    9467ms] [ERROR] WebSocket error: Event @ http://localhost:5173/src/hooks/useStream.ts:14
[   12463ms] [ERROR] WebSocket connection to 'ws://localhost:5173/ws' failed: Connection closed before receiving a handshake response @ http://localhost:5173/src/hooks/useStream.ts:5
[   12463ms] [ERROR] WebSocket error: Event @ http://localhost:5173/src/hooks/useStream.ts:14
[   12476ms] [ERROR] WebSocket connection to 'ws://localhost:5173/ws' failed: Connection closed before receiving a handshake response @ http://localhost:5173/src/hooks/useStream.ts:5
[   12476ms] [ERROR] WebSocket error: Event @ http://localhost:5173/src/hooks/useStream.ts:14
[   15473ms] [ERROR] WebSocket connection to 'ws://localhost:5173/ws' failed: Connection closed before receiving a handshake response @ http://localhost:5173/src/hooks/useStream.ts:5
[   15473ms] [ERROR] WebSocket error: Event @ http://localhost:5173/src/hooks/useStream.ts:14
[   15486ms] [ERROR] WebSocket connection to 'ws://localhost:5173/ws' failed: Connection closed before receiving a handshake response @ http://localhost:5173/src/hooks/useStream.ts:5
[   15486ms] [ERROR] WebSocket error: Event @ http://localhost:5173/src/hooks/useStream.ts:14
[   18489ms] [ERROR] WebSocket connection to 'ws://localhost:5173/ws' failed: Connection closed before receiving a handshake response @ http://localhost:5173/src/hooks/useStream.ts:5
[   18489ms] [ERROR] WebSocket error: Event @ http://localhost:5173/src/hooks/useStream.ts:14
[   18502ms] [ERROR] WebSocket connection to 'ws://localhost:5173/ws' failed: Connection closed before receiving a handshake response @ http://localhost:5173/src/hooks/useStream.ts:5
[   18502ms] [ERROR] WebSocket error: Event @ http://localhost:5173/src/hooks/useStream.ts:14
[   21510ms] [ERROR] WebSocket connection to 'ws://localhost:5173/ws' failed: Connection closed before receiving a handshake response @ http://localhost:5173/src/hooks/useStream.ts:5
[   21510ms] [ERROR] WebSocket error: Event @ http://localhost:5173/src/hooks/useStream.ts:14
[   21526ms] [ERROR] WebSocket connection to 'ws://localhost:5173/ws' failed: Connection closed before receiving a handshake response @ http://localhost:5173/src/hooks/useStream.ts:5
[   21526ms] [ERROR] WebSocket error: Event @ http://localhost:5173/src/hooks/useStream.ts:14
[   24548ms] [ERROR] WebSocket connection to 'ws://localhost:5173/ws' failed: Connection closed before receiving a handshake response @ http://localhost:5173/src/hooks/useStream.ts:5
[   24548ms] [ERROR] WebSocket error: Event @ http://localhost:5173/src/hooks/useStream.ts:14
[   24605ms] [ERROR] WebSocket connection to 'ws://localhost:5173/ws' failed: Connection closed before receiving a handshake response @ http://localhost:5173/src/hooks/useStream.ts:5
[   24605ms] [ERROR] WebSocket error: Event @ http://localhost:5173/src/hooks/useStream.ts:14
[   27620ms] [ERROR] WebSocket connection to 'ws://localhost:5173/ws' failed: Connection closed before receiving a handshake response @ http://localhost:5173/src/hooks/useStream.ts:5
[   27620ms] [ERROR] WebSocket error: Event @ http://localhost:5173/src/hooks/useStream.ts:14
[   27720ms] [ERROR] WebSocket connection to 'ws://localhost:5173/ws' failed: Connection closed before receiving a handshake response @ http://localhost:5173/src/hooks/useStream.ts:5
[   27720ms] [ERROR] WebSocket error: Event @ http://localhost:5173/src/hooks/useStream.ts:14
