[     259ms] [WARNING] WebSocket connection to 'ws://localhost:5173/ws' failed: WebSocket is closed before the connection is established. @ http://localhost:5173/src/hooks/useStream.ts:28
[     259ms] [ERROR] WebSocket error: Event @ http://localhost:5173/src/hooks/useStream.ts:14
[     261ms] [ERROR] Failed to load resource: the server responded with a status of 404 (Not Found) @ http://localhost:5173/favicon.ico:0
[     271ms] [ERROR] Failed to load resource: the server responded with a status of 500 (Internal Server Error) @ http://localhost:5173/api/uptime?hours=24:0
[     273ms] [ERROR] Failed to load resource: the server responded with a status of 500 (Internal Server Error) @ http://localhost:5173/api/uptime?hours=672:0
[     274ms] [ERROR] Failed to load resource: the server responded with a status of 500 (Internal Server Error) @ http://localhost:5173/api/uptime?hours=24:0
[     274ms] [ERROR] Failed to load resource: the server responded with a status of 500 (Internal Server Error) @ http://localhost:5173/api/uptime?hours=672:0
[     274ms] [ERROR] WebSocket connection to 'ws://localhost:5173/ws' failed: Connection closed before receiving a handshake response @ http://localhost:5173/src/hooks/useStream.ts:5
[     274ms] [ERROR] WebSocket error: Event @ http://localhost:5173/src/hooks/useStream.ts:14
[    3267ms] [ERROR] WebSocket connection to 'ws://localhost:5173/ws' failed: Connection closed before receiving a handshake response @ http://localhost:5173/src/hooks/useStream.ts:5
[    3268ms] [ERROR] WebSocket error: Event @ http://localhost:5173/src/hooks/useStream.ts:14
[    3282ms] [ERROR] WebSocket connection to 'ws://localhost:5173/ws' failed: Connection closed before receiving a handshake response @ http://localhost:5173/src/hooks/useStream.ts:5
[    3282ms] [ERROR] WebSocket error: Event @ http://localhost:5173/src/hooks/useStream.ts:14
[    6275ms] [ERROR] WebSocket connection to 'ws://localhost:5173/ws' failed: Connection closed before receiving a handshake response @ http://localhost:5173/src/hooks/useStream.ts:5
[    6275ms] [ERROR] WebSocket error: Event @ http://localhost:5173/src/hooks/useStream.ts:14
[    6290ms] [ERROR] WebSocket connection to 'ws://localhost:5173/ws' failed: Connection closed before receiving a handshake response @ http://localhost:5173/src/hooks/useStream.ts:5
[    6290ms] [ERROR] WebSocket error: Event @ http://localhost:5173/src/hooks/useStream.ts:14
[    9284ms] [ERROR] WebSocket connection to 'ws://localhost:5173/ws' failed: Connection closed before receiving a handshake response @ http://localhost:5173/src/hooks/useStream.ts:5
[    9284ms] [ERROR] WebSocket error: Event @ http://localhost:5173/src/hooks/useStream.ts:14
[    9298ms] [ERROR] WebSocket connection to 'ws://localhost:5173/ws' failed: Connection closed before receiving a handshake response @ http://localhost:5173/src/hooks/useStream.ts:5
[    9298ms] [ERROR] WebSocket error: Event @ http://localhost:5173/src/hooks/useStream.ts:14
[   12292ms] [ERROR] WebSocket connection to 'ws://localhost:5173/ws' failed: Connection closed before receiving a handshake response @ http://localhost:5173/src/hooks/useStream.ts:5
[   12292ms] [ERROR] WebSocket error: Event @ http://localhost:5173/src/hooks/useStream.ts:14
[   12303ms] [ERROR] WebSocket connection to 'ws://localhost:5173/ws' failed: Connection closed before receiving a handshake response @ http://localhost:5173/src/hooks/useStream.ts:5
[   12303ms] [ERROR] WebSocket error: Event @ http://localhost:5173/src/hooks/useStream.ts:14
[   15299ms] [ERROR] WebSocket connection to 'ws://localhost:5173/ws' failed: Connection closed before receiving a handshake response @ http://localhost:5173/src/hooks/useStream.ts:5
[   15299ms] [ERROR] WebSocket error: Event @ http://localhost:5173/src/hooks/useStream.ts:14
[   15313ms] [ERROR] WebSocket connection to 'ws://localhost:5173/ws' failed: Connection closed before receiving a handshake response @ http://localhost:5173/src/hooks/useStream.ts:5
[   15313ms] [ERROR] WebSocket error: Event @ http://localhost:5173/src/hooks/useStream.ts:14
[   18315ms] [ERROR] WebSocket connection to 'ws://localhost:5173/ws' failed: Connection closed before receiving a handshake response @ http://localhost:5173/src/hooks/useStream.ts:5
[   18315ms] [ERROR] WebSocket error: Event @ http://localhost:5173/src/hooks/useStream.ts:14
[   18327ms] [ERROR] WebSocket connection to 'ws://localhost:5173/ws' failed: Connection closed before receiving a handshake response @ http://localhost:5173/src/hooks/useStream.ts:5
[   18327ms] [ERROR] WebSocket error: Event @ http://localhost:5173/src/hooks/useStream.ts:14
[   21341ms] [ERROR] WebSocket connection to 'ws://localhost:5173/ws' failed: Connection closed before receiving a handshake response @ http://localhost:5173/src/hooks/useStream.ts:5
[   21341ms] [ERROR] WebSocket error: Event @ http://localhost:5173/src/hooks/useStream.ts:14
[   21354ms] [ERROR] WebSocket connection to 'ws://localhost:5173/ws' failed: Connection closed before receiving a handshake response @ http://localhost:5173/src/hooks/useStream.ts:5
[   21354ms] [ERROR] WebSocket error: Event @ http://localhost:5173/src/hooks/useStream.ts:14
[   24388ms] [ERROR] WebSocket connection to 'ws://localhost:5173/ws' failed: Connection closed before receiving a handshake response @ http://localhost:5173/src/hooks/useStream.ts:5
[   24388ms] [ERROR] WebSocket error: Event @ http://localhost:5173/src/hooks/useStream.ts:14
[   24437ms] [ERROR] WebSocket connection to 'ws://localhost:5173/ws' failed: Connection closed before receiving a handshake response @ http://localhost:5173/src/hooks/useStream.ts:5
[   24437ms] [ERROR] WebSocket error: Event @ http://localhost:5173/src/hooks/useStream.ts:14
[   27417ms] [ERROR] WebSocket connection to 'ws://localhost:5173/ws' failed: Connection closed before receiving a handshake response @ http://localhost:5173/src/hooks/useStream.ts:5
[   27417ms] [ERROR] WebSocket error: Event @ http://localhost:5173/src/hooks/useStream.ts:14
[   27503ms] [ERROR] WebSocket connection to 'ws://localhost:5173/ws' failed: Connection closed before receiving a handshake response @ http://localhost:5173/src/hooks/useStream.ts:5
[   27503ms] [ERROR] WebSocket error: Event @ http://localhost:5173/src/hooks/useStream.ts:14
[   30502ms] [ERROR] WebSocket connection to 'ws://localhost:5173/ws' failed: Connection closed before receiving a handshake response @ http://localhost:5173/src/hooks/useStream.ts:5
[   30502ms] [ERROR] WebSocket error: Event @ http://localhost:5173/src/hooks/useStream.ts:14
[   30668ms] [ERROR] WebSocket connection to 'ws://localhost:5173/ws' failed: Connection closed before receiving a handshake response @ http://localhost:5173/src/hooks/useStream.ts:5
[   30668ms] [ERROR] WebSocket error: Event @ http://localhost:5173/src/hooks/useStream.ts:14
[   33731ms] [ERROR] WebSocket connection to 'ws://localhost:5173/ws' failed: Connection closed before receiving a handshake response @ http://localhost:5173/src/hooks/useStream.ts:5
[   33731ms] [ERROR] WebSocket error: Event @ http://localhost:5173/src/hooks/useStream.ts:14
[   33936ms] [ERROR] WebSocket connection to 'ws://localhost:5173/ws' failed: Connection closed before receiving a handshake response @ http://localhost:5173/src/hooks/useStream.ts:5
[   33936ms] [ERROR] WebSocket error: Event @ http://localhost:5173/src/hooks/useStream.ts:14
[   37322ms] [ERROR] WebSocket connection to 'ws://localhost:5173/ws' failed: Connection closed before receiving a handshake response @ http://localhost:5173/src/hooks/useStream.ts:5
[   37322ms] [ERROR] WebSocket error: Event @ http://localhost:5173/src/hooks/useStream.ts:14
[   37477ms] [ERROR] WebSocket connection to 'ws://localhost:5173/ws' failed: Connection closed before receiving a handshake response @ http://localhost:5173/src/hooks/useStream.ts:5
[   37477ms] [ERROR] WebSocket error: Event @ http://localhost:5173/src/hooks/useStream.ts:14
[   41043ms] [ERROR] WebSocket connection to 'ws://localhost:5173/ws' failed: Connection closed before receiving a handshake response @ http://localhost:5173/src/hooks/useStream.ts:5
[   41043ms] [ERROR] WebSocket error: Event @ http://localhost:5173/src/hooks/useStream.ts:14
[   41487ms] [ERROR] WebSocket connection to 'ws://localhost:5173/ws' failed: Connection closed before receiving a handshake response @ http://localhost:5173/src/hooks/useStream.ts:5
[   41487ms] [ERROR] WebSocket error: Event @ http://localhost:5173/src/hooks/useStream.ts:14
[   45729ms] [ERROR] WebSocket connection to 'ws://localhost:5173/ws' failed: Connection closed before receiving a handshake response @ http://localhost:5173/src/hooks/useStream.ts:5
[   45729ms] [ERROR] WebSocket error: Event @ http://localhost:5173/src/hooks/useStream.ts:14
[   46124ms] [ERROR] WebSocket connection to 'ws://localhost:5173/ws' failed: Connection closed before receiving a handshake response @ http://localhost:5173/src/hooks/useStream.ts:5
[   46124ms] [ERROR] WebSocket error: Event @ http://localhost:5173/src/hooks/useStream.ts:14
[   50928ms] [ERROR] WebSocket connection to 'ws://localhost:5173/ws' failed: Connection closed before receiving a handshake response @ http://localhost:5173/src/hooks/useStream.ts:5
[   50928ms] [ERROR] WebSocket error: Event @ http://localhost:5173/src/hooks/useStream.ts:14
[   51258ms] [ERROR] WebSocket connection to 'ws://localhost:5173/ws' failed: Connection closed before receiving a handshake response @ http://localhost:5173/src/hooks/useStream.ts:5
[   51258ms] [ERROR] WebSocket error: Event @ http://localhost:5173/src/hooks/useStream.ts:14
[   57084ms] [ERROR] WebSocket connection to 'ws://localhost:5173/ws' failed: Connection closed before receiving a handshake response @ http://localhost:5173/src/hooks/useStream.ts:5
[   57084ms] [ERROR] WebSocket error: Event @ http://localhost:5173/src/hooks/useStream.ts:14
[   57512ms] [ERROR] WebSocket connection to 'ws://localhost:5173/ws' failed: Connection closed before receiving a handshake response @ http://localhost:5173/src/hooks/useStream.ts:5
[   57512ms] [ERROR] WebSocket error: Event @ http://localhost:5173/src/hooks/useStream.ts:14
